2019-03-08 09:26:32.395 [main] INFO  o.s.c.s.PostProcessorRegistrationDelegate$BeanPostProcessorChecker - Bean 'org.springframework.cloud.autoconfigure.ConfigurationPropertiesRebinderAutoConfiguration' of type [org.springframework.cloud.autoconfigure.ConfigurationPropertiesRebinderAutoConfiguration$$EnhancerBySpringCGLIB$$938bcebf] is not eligible for getting processed by all BeanPostProcessors (for example: not eligible for auto-proxying)
2019-03-08 09:26:33.964 [main] INFO  o.s.c.c.client.ConfigServicePropertySourceLocator - Fetching config from server at : http://localhost:8888
2019-03-08 09:26:35.238 [main] INFO  o.s.c.c.client.ConfigServicePropertySourceLocator - Connect Timeout Exception on Url - http://localhost:8888. Will be trying the next url if available
2019-03-08 09:26:35.239 [main] WARN  o.s.c.c.client.ConfigServicePropertySourceLocator - Could not locate PropertySource: I/O error on GET request for "http://localhost:8888/eureka-consumer/default": Connection refused: connect; nested exception is java.net.ConnectException: Connection refused: connect
2019-03-08 09:26:35.241 [main] INFO  c.i.z.eureka_consumer.EurekaConsumerApplication - No active profile set, falling back to default profiles: default
2019-03-08 09:26:36.773 [main] INFO  o.springframework.cloud.context.scope.GenericScope - BeanFactory id=b4774cd1-6721-3823-a8cd-7df476460ccc
2019-03-08 09:26:36.907 [main] INFO  o.s.c.s.PostProcessorRegistrationDelegate$BeanPostProcessorChecker - Bean 'org.springframework.cloud.autoconfigure.ConfigurationPropertiesRebinderAutoConfiguration' of type [org.springframework.cloud.autoconfigure.ConfigurationPropertiesRebinderAutoConfiguration$$EnhancerBySpringCGLIB$$938bcebf] is not eligible for getting processed by all BeanPostProcessors (for example: not eligible for auto-proxying)
2019-03-08 09:26:37.615 [main] INFO  o.s.boot.web.embedded.tomcat.TomcatWebServer - Tomcat initialized with port(s): 9091 (http)
2019-03-08 09:26:37.720 [main] INFO  org.apache.coyote.http11.Http11NioProtocol - Initializing ProtocolHandler ["http-nio-9091"]
2019-03-08 09:26:37.740 [main] INFO  org.apache.catalina.core.StandardService - Starting service [Tomcat]
2019-03-08 09:26:37.741 [main] INFO  org.apache.catalina.core.StandardEngine - Starting Servlet engine: [Apache Tomcat/9.0.16]
2019-03-08 09:26:37.751 [main] INFO  org.apache.catalina.core.AprLifecycleListener - An older version [1.2.16] of the APR based Apache Tomcat Native library is installed, while Tomcat recommends a minimum version of [1.2.21]
2019-03-08 09:26:37.751 [main] INFO  org.apache.catalina.core.AprLifecycleListener - Loaded APR based Apache Tomcat Native library [1.2.16] using APR version [1.6.3].
2019-03-08 09:26:37.751 [main] INFO  org.apache.catalina.core.AprLifecycleListener - APR capabilities: IPv6 [true], sendfile [true], accept filters [false], random [true].
2019-03-08 09:26:37.752 [main] INFO  org.apache.catalina.core.AprLifecycleListener - APR/OpenSSL configuration: useAprConnector [false], useOpenSSL [true]
2019-03-08 09:26:38.816 [main] INFO  org.apache.catalina.core.AprLifecycleListener - OpenSSL successfully initialized [OpenSSL 1.0.2m  2 Nov 2017]
2019-03-08 09:26:38.997 [main] INFO  o.a.c.core.ContainerBase.[Tomcat].[localhost].[/] - Initializing Spring embedded WebApplicationContext
2019-03-08 09:26:38.997 [main] INFO  org.springframework.web.context.ContextLoader - Root WebApplicationContext: initialization completed in 3741 ms
2019-03-08 09:26:39.130 [main] WARN  com.netflix.config.sources.URLConfigurationSource - No URLs will be polled as dynamic configuration sources.
2019-03-08 09:26:39.130 [main] INFO  com.netflix.config.sources.URLConfigurationSource - To enable URLs as dynamic configuration sources, define System property archaius.configurationSource.additionalUrls or make config.properties available on classpath.
2019-03-08 09:26:39.141 [main] WARN  com.netflix.config.sources.URLConfigurationSource - No URLs will be polled as dynamic configuration sources.
2019-03-08 09:26:39.141 [main] INFO  com.netflix.config.sources.URLConfigurationSource - To enable URLs as dynamic configuration sources, define System property archaius.configurationSource.additionalUrls or make config.properties available on classpath.
2019-03-08 09:26:39.396 [main] INFO  o.s.scheduling.concurrent.ThreadPoolTaskExecutor - Initializing ExecutorService 'applicationTaskExecutor'
2019-03-08 09:26:41.575 [main] INFO  o.s.cloud.netflix.eureka.InstanceInfoFactory - Setting initial instance status as: STARTING
2019-03-08 09:26:41.703 [main] INFO  com.netflix.discovery.DiscoveryClient - Initializing Eureka in region us-east-1
2019-03-08 09:26:42.244 [main] INFO  c.n.discovery.provider.DiscoveryJerseyProvider - Using JSON encoding codec LegacyJacksonJson
2019-03-08 09:26:42.244 [main] INFO  c.n.discovery.provider.DiscoveryJerseyProvider - Using JSON decoding codec LegacyJacksonJson
2019-03-08 09:26:42.438 [main] INFO  c.n.discovery.provider.DiscoveryJerseyProvider - Using XML encoding codec XStreamXml
2019-03-08 09:26:42.438 [main] INFO  c.n.discovery.provider.DiscoveryJerseyProvider - Using XML decoding codec XStreamXml
2019-03-08 09:26:42.727 [main] INFO  c.n.d.shared.resolver.aws.ConfigClusterResolver - Resolving eureka endpoints via configuration
2019-03-08 09:26:42.887 [main] INFO  com.netflix.discovery.DiscoveryClient - Disable delta property : false
2019-03-08 09:26:42.887 [main] INFO  com.netflix.discovery.DiscoveryClient - Single vip registry refresh property : null
2019-03-08 09:26:42.888 [main] INFO  com.netflix.discovery.DiscoveryClient - Force full registry fetch : false
2019-03-08 09:26:42.888 [main] INFO  com.netflix.discovery.DiscoveryClient - Application is null : false
2019-03-08 09:26:42.888 [main] INFO  com.netflix.discovery.DiscoveryClient - Registered Applications size is zero : true
2019-03-08 09:26:42.888 [main] INFO  com.netflix.discovery.DiscoveryClient - Application version is -1: true
2019-03-08 09:26:42.888 [main] INFO  com.netflix.discovery.DiscoveryClient - Getting all instance registry info from the eureka server
2019-03-08 09:26:43.090 [main] INFO  com.netflix.discovery.DiscoveryClient - The response status is 200
2019-03-08 09:26:43.092 [main] INFO  com.netflix.discovery.DiscoveryClient - Starting heartbeat executor: renew interval is: 30
2019-03-08 09:26:43.095 [main] INFO  com.netflix.discovery.InstanceInfoReplicator - InstanceInfoReplicator onDemand update allowed rate per min is 4
2019-03-08 09:26:43.098 [main] INFO  com.netflix.discovery.DiscoveryClient - Discovery Client initialized at timestamp 1552008403097 with initial instances count: 1
2019-03-08 09:26:43.100 [main] INFO  o.s.c.n.e.serviceregistry.EurekaServiceRegistry - Registering application EUREKA-CONSUMER with eureka with status UP
2019-03-08 09:26:43.100 [main] INFO  com.netflix.discovery.DiscoveryClient - Saw local status change event StatusChangeEvent [timestamp=1552008403100, current=UP, previous=STARTING]
2019-03-08 09:26:43.103 [DiscoveryClient-InstanceInfoReplicator-0] INFO  com.netflix.discovery.DiscoveryClient - DiscoveryClient_EUREKA-CONSUMER/DESKTOP-GFT4G5U:eureka-consumer:9091: registering service...
2019-03-08 09:26:43.117 [main] INFO  org.apache.coyote.http11.Http11NioProtocol - Starting ProtocolHandler ["http-nio-9091"]
2019-03-08 09:26:43.161 [DiscoveryClient-InstanceInfoReplicator-0] INFO  com.netflix.discovery.DiscoveryClient - DiscoveryClient_EUREKA-CONSUMER/DESKTOP-GFT4G5U:eureka-consumer:9091 - registration status: 204
2019-03-08 09:26:43.183 [main] INFO  o.s.boot.web.embedded.tomcat.TomcatWebServer - Tomcat started on port(s): 9091 (http) with context path ''
2019-03-08 09:26:43.184 [main] INFO  o.s.c.n.e.s.EurekaAutoServiceRegistration - Updating port to 9091
2019-03-08 09:26:43.186 [main] INFO  c.i.z.eureka_consumer.EurekaConsumerApplication - Started EurekaConsumerApplication in 12.91 seconds (JVM running for 14.259)
2019-03-08 09:29:50.725 [main] INFO  o.s.c.s.PostProcessorRegistrationDelegate$BeanPostProcessorChecker - Bean 'org.springframework.cloud.autoconfigure.ConfigurationPropertiesRebinderAutoConfiguration' of type [org.springframework.cloud.autoconfigure.ConfigurationPropertiesRebinderAutoConfiguration$$EnhancerBySpringCGLIB$$baed45d9] is not eligible for getting processed by all BeanPostProcessors (for example: not eligible for auto-proxying)
2019-03-08 09:29:51.333 [main] INFO  o.s.c.c.client.ConfigServicePropertySourceLocator - Fetching config from server at : http://localhost:8888
2019-03-08 09:29:52.510 [main] INFO  o.s.c.c.client.ConfigServicePropertySourceLocator - Connect Timeout Exception on Url - http://localhost:8888. Will be trying the next url if available
2019-03-08 09:29:52.511 [main] WARN  o.s.c.c.client.ConfigServicePropertySourceLocator - Could not locate PropertySource: I/O error on GET request for "http://localhost:8888/eureka-consumer/default": Connection refused: connect; nested exception is java.net.ConnectException: Connection refused: connect
2019-03-08 09:29:52.515 [main] INFO  c.i.z.eureka_consumer.EurekaConsumerApplication - No active profile set, falling back to default profiles: default
2019-03-08 09:29:53.528 [main] INFO  o.springframework.cloud.context.scope.GenericScope - BeanFactory id=b4774cd1-6721-3823-a8cd-7df476460ccc
2019-03-08 09:29:53.715 [main] INFO  o.s.c.s.PostProcessorRegistrationDelegate$BeanPostProcessorChecker - Bean 'org.springframework.cloud.autoconfigure.ConfigurationPropertiesRebinderAutoConfiguration' of type [org.springframework.cloud.autoconfigure.ConfigurationPropertiesRebinderAutoConfiguration$$EnhancerBySpringCGLIB$$baed45d9] is not eligible for getting processed by all BeanPostProcessors (for example: not eligible for auto-proxying)
2019-03-08 09:29:54.217 [main] INFO  o.s.boot.web.embedded.tomcat.TomcatWebServer - Tomcat initialized with port(s): 9091 (http)
2019-03-08 09:29:54.316 [main] INFO  org.apache.coyote.http11.Http11NioProtocol - Initializing ProtocolHandler ["http-nio-9091"]
2019-03-08 09:29:54.329 [main] INFO  org.apache.catalina.core.StandardService - Starting service [Tomcat]
2019-03-08 09:29:54.330 [main] INFO  org.apache.catalina.core.StandardEngine - Starting Servlet engine: [Apache Tomcat/9.0.16]
2019-03-08 09:29:54.344 [main] INFO  org.apache.catalina.core.AprLifecycleListener - An older version [1.2.16] of the APR based Apache Tomcat Native library is installed, while Tomcat recommends a minimum version of [1.2.21]
2019-03-08 09:29:54.344 [main] INFO  org.apache.catalina.core.AprLifecycleListener - Loaded APR based Apache Tomcat Native library [1.2.16] using APR version [1.6.3].
2019-03-08 09:29:54.344 [main] INFO  org.apache.catalina.core.AprLifecycleListener - APR capabilities: IPv6 [true], sendfile [true], accept filters [false], random [true].
2019-03-08 09:29:54.345 [main] INFO  org.apache.catalina.core.AprLifecycleListener - APR/OpenSSL configuration: useAprConnector [false], useOpenSSL [true]
2019-03-08 09:29:55.414 [main] INFO  org.apache.catalina.core.AprLifecycleListener - OpenSSL successfully initialized [OpenSSL 1.0.2m  2 Nov 2017]
2019-03-08 09:29:55.887 [main] INFO  o.a.c.core.ContainerBase.[Tomcat].[localhost].[/] - Initializing Spring embedded WebApplicationContext
2019-03-08 09:29:55.887 [main] INFO  org.springframework.web.context.ContextLoader - Root WebApplicationContext: initialization completed in 3357 ms
2019-03-08 09:29:56.095 [main] WARN  com.netflix.config.sources.URLConfigurationSource - No URLs will be polled as dynamic configuration sources.
2019-03-08 09:29:56.095 [main] INFO  com.netflix.config.sources.URLConfigurationSource - To enable URLs as dynamic configuration sources, define System property archaius.configurationSource.additionalUrls or make config.properties available on classpath.
2019-03-08 09:29:56.108 [main] WARN  com.netflix.config.sources.URLConfigurationSource - No URLs will be polled as dynamic configuration sources.
2019-03-08 09:29:56.109 [main] INFO  com.netflix.config.sources.URLConfigurationSource - To enable URLs as dynamic configuration sources, define System property archaius.configurationSource.additionalUrls or make config.properties available on classpath.
2019-03-08 09:29:56.380 [main] INFO  o.s.scheduling.concurrent.ThreadPoolTaskExecutor - Initializing ExecutorService 'applicationTaskExecutor'
2019-03-08 09:29:57.556 [main] INFO  o.s.cloud.netflix.eureka.InstanceInfoFactory - Setting initial instance status as: STARTING
2019-03-08 09:29:57.615 [main] INFO  com.netflix.discovery.DiscoveryClient - Initializing Eureka in region us-east-1
2019-03-08 09:29:58.009 [main] INFO  c.n.discovery.provider.DiscoveryJerseyProvider - Using JSON encoding codec LegacyJacksonJson
2019-03-08 09:29:58.009 [main] INFO  c.n.discovery.provider.DiscoveryJerseyProvider - Using JSON decoding codec LegacyJacksonJson
2019-03-08 09:29:58.129 [main] INFO  c.n.discovery.provider.DiscoveryJerseyProvider - Using XML encoding codec XStreamXml
2019-03-08 09:29:58.130 [main] INFO  c.n.discovery.provider.DiscoveryJerseyProvider - Using XML decoding codec XStreamXml
2019-03-08 09:29:58.392 [main] INFO  c.n.d.shared.resolver.aws.ConfigClusterResolver - Resolving eureka endpoints via configuration
2019-03-08 09:29:58.580 [main] INFO  com.netflix.discovery.DiscoveryClient - Disable delta property : false
2019-03-08 09:29:58.580 [main] INFO  com.netflix.discovery.DiscoveryClient - Single vip registry refresh property : null
2019-03-08 09:29:58.580 [main] INFO  com.netflix.discovery.DiscoveryClient - Force full registry fetch : false
2019-03-08 09:29:58.580 [main] INFO  com.netflix.discovery.DiscoveryClient - Application is null : false
2019-03-08 09:29:58.580 [main] INFO  com.netflix.discovery.DiscoveryClient - Registered Applications size is zero : true
2019-03-08 09:29:58.580 [main] INFO  com.netflix.discovery.DiscoveryClient - Application version is -1: true
2019-03-08 09:29:58.580 [main] INFO  com.netflix.discovery.DiscoveryClient - Getting all instance registry info from the eureka server
2019-03-08 09:29:58.738 [main] INFO  com.netflix.discovery.DiscoveryClient - The response status is 200
2019-03-08 09:29:58.741 [main] INFO  com.netflix.discovery.DiscoveryClient - Starting heartbeat executor: renew interval is: 30
2019-03-08 09:29:58.746 [main] INFO  com.netflix.discovery.InstanceInfoReplicator - InstanceInfoReplicator onDemand update allowed rate per min is 4
2019-03-08 09:29:58.750 [main] INFO  com.netflix.discovery.DiscoveryClient - Discovery Client initialized at timestamp 1552008598749 with initial instances count: 2
2019-03-08 09:29:58.751 [main] INFO  o.s.c.n.e.serviceregistry.EurekaServiceRegistry - Registering application EUREKA-CONSUMER with eureka with status UP
2019-03-08 09:29:58.752 [main] INFO  com.netflix.discovery.DiscoveryClient - Saw local status change event StatusChangeEvent [timestamp=1552008598752, current=UP, previous=STARTING]
2019-03-08 09:29:58.757 [DiscoveryClient-InstanceInfoReplicator-0] INFO  com.netflix.discovery.DiscoveryClient - DiscoveryClient_EUREKA-CONSUMER/DESKTOP-GFT4G5U:eureka-consumer:9091: registering service...
2019-03-08 09:29:58.768 [main] INFO  org.apache.coyote.http11.Http11NioProtocol - Starting ProtocolHandler ["http-nio-9091"]
2019-03-08 09:29:58.816 [DiscoveryClient-InstanceInfoReplicator-0] INFO  com.netflix.discovery.DiscoveryClient - DiscoveryClient_EUREKA-CONSUMER/DESKTOP-GFT4G5U:eureka-consumer:9091 - registration status: 204
2019-03-08 09:29:58.827 [main] INFO  o.s.boot.web.embedded.tomcat.TomcatWebServer - Tomcat started on port(s): 9091 (http) with context path ''
2019-03-08 09:29:58.828 [main] INFO  o.s.c.n.e.s.EurekaAutoServiceRegistration - Updating port to 9091
2019-03-08 09:29:58.830 [main] INFO  c.i.z.eureka_consumer.EurekaConsumerApplication - Started EurekaConsumerApplication in 9.784 seconds (JVM running for 10.542)
2019-03-08 09:30:26.081 [http-nio-9091-exec-10] INFO  o.a.c.core.ContainerBase.[Tomcat].[localhost].[/] - Initializing Spring DispatcherServlet 'dispatcherServlet'
2019-03-08 09:30:26.082 [http-nio-9091-exec-10] INFO  org.springframework.web.servlet.DispatcherServlet - Initializing Servlet 'dispatcherServlet'
2019-03-08 09:30:26.091 [http-nio-9091-exec-10] INFO  org.springframework.web.servlet.DispatcherServlet - Completed initialization in 9 ms
2019-03-08 09:32:09.495 [main] INFO  o.s.c.s.PostProcessorRegistrationDelegate$BeanPostProcessorChecker - Bean 'org.springframework.cloud.autoconfigure.ConfigurationPropertiesRebinderAutoConfiguration' of type [org.springframework.cloud.autoconfigure.ConfigurationPropertiesRebinderAutoConfiguration$$EnhancerBySpringCGLIB$$565412d2] is not eligible for getting processed by all BeanPostProcessors (for example: not eligible for auto-proxying)
2019-03-08 09:32:10.419 [main] INFO  o.s.c.c.client.ConfigServicePropertySourceLocator - Fetching config from server at : http://localhost:8888
2019-03-08 09:32:11.555 [main] INFO  o.s.c.c.client.ConfigServicePropertySourceLocator - Connect Timeout Exception on Url - http://localhost:8888. Will be trying the next url if available
2019-03-08 09:32:11.556 [main] WARN  o.s.c.c.client.ConfigServicePropertySourceLocator - Could not locate PropertySource: I/O error on GET request for "http://localhost:8888/eureka-consumer/default": Connection refused: connect; nested exception is java.net.ConnectException: Connection refused: connect
2019-03-08 09:32:11.558 [main] INFO  c.i.z.eureka_consumer.EurekaConsumerApplication - No active profile set, falling back to default profiles: default
2019-03-08 09:32:12.266 [main] INFO  o.springframework.cloud.context.scope.GenericScope - BeanFactory id=b4774cd1-6721-3823-a8cd-7df476460ccc
2019-03-08 09:32:12.350 [main] INFO  o.s.c.s.PostProcessorRegistrationDelegate$BeanPostProcessorChecker - Bean 'org.springframework.cloud.autoconfigure.ConfigurationPropertiesRebinderAutoConfiguration' of type [org.springframework.cloud.autoconfigure.ConfigurationPropertiesRebinderAutoConfiguration$$EnhancerBySpringCGLIB$$565412d2] is not eligible for getting processed by all BeanPostProcessors (for example: not eligible for auto-proxying)
2019-03-08 09:32:12.840 [main] INFO  o.s.boot.web.embedded.tomcat.TomcatWebServer - Tomcat initialized with port(s): 9091 (http)
2019-03-08 09:32:12.856 [main] INFO  org.apache.coyote.http11.Http11NioProtocol - Initializing ProtocolHandler ["http-nio-9091"]
2019-03-08 09:32:12.867 [main] INFO  org.apache.catalina.core.StandardService - Starting service [Tomcat]
2019-03-08 09:32:12.869 [main] INFO  org.apache.catalina.core.StandardEngine - Starting Servlet engine: [Apache Tomcat/9.0.16]
2019-03-08 09:32:12.881 [main] INFO  org.apache.catalina.core.AprLifecycleListener - An older version [1.2.16] of the APR based Apache Tomcat Native library is installed, while Tomcat recommends a minimum version of [1.2.21]
2019-03-08 09:32:12.881 [main] INFO  org.apache.catalina.core.AprLifecycleListener - Loaded APR based Apache Tomcat Native library [1.2.16] using APR version [1.6.3].
2019-03-08 09:32:12.881 [main] INFO  org.apache.catalina.core.AprLifecycleListener - APR capabilities: IPv6 [true], sendfile [true], accept filters [false], random [true].
2019-03-08 09:32:12.881 [main] INFO  org.apache.catalina.core.AprLifecycleListener - APR/OpenSSL configuration: useAprConnector [false], useOpenSSL [true]
2019-03-08 09:32:13.947 [main] INFO  org.apache.catalina.core.AprLifecycleListener - OpenSSL successfully initialized [OpenSSL 1.0.2m  2 Nov 2017]
2019-03-08 09:32:14.566 [main] INFO  o.a.c.core.ContainerBase.[Tomcat].[localhost].[/] - Initializing Spring embedded WebApplicationContext
2019-03-08 09:32:14.567 [main] INFO  org.springframework.web.context.ContextLoader - Root WebApplicationContext: initialization completed in 2989 ms
2019-03-08 09:32:14.690 [main] WARN  com.netflix.config.sources.URLConfigurationSource - No URLs will be polled as dynamic configuration sources.
2019-03-08 09:32:14.690 [main] INFO  com.netflix.config.sources.URLConfigurationSource - To enable URLs as dynamic configuration sources, define System property archaius.configurationSource.additionalUrls or make config.properties available on classpath.
2019-03-08 09:32:14.697 [main] WARN  com.netflix.config.sources.URLConfigurationSource - No URLs will be polled as dynamic configuration sources.
2019-03-08 09:32:14.700 [main] INFO  com.netflix.config.sources.URLConfigurationSource - To enable URLs as dynamic configuration sources, define System property archaius.configurationSource.additionalUrls or make config.properties available on classpath.
2019-03-08 09:32:14.930 [main] INFO  o.s.scheduling.concurrent.ThreadPoolTaskExecutor - Initializing ExecutorService 'applicationTaskExecutor'
2019-03-08 09:32:16.171 [main] INFO  o.s.cloud.netflix.eureka.InstanceInfoFactory - Setting initial instance status as: STARTING
2019-03-08 09:32:16.255 [main] INFO  com.netflix.discovery.DiscoveryClient - Initializing Eureka in region us-east-1
2019-03-08 09:32:16.652 [main] INFO  c.n.discovery.provider.DiscoveryJerseyProvider - Using JSON encoding codec LegacyJacksonJson
2019-03-08 09:32:16.652 [main] INFO  c.n.discovery.provider.DiscoveryJerseyProvider - Using JSON decoding codec LegacyJacksonJson
2019-03-08 09:32:16.802 [main] INFO  c.n.discovery.provider.DiscoveryJerseyProvider - Using XML encoding codec XStreamXml
2019-03-08 09:32:16.802 [main] INFO  c.n.discovery.provider.DiscoveryJerseyProvider - Using XML decoding codec XStreamXml
2019-03-08 09:32:17.047 [main] INFO  c.n.d.shared.resolver.aws.ConfigClusterResolver - Resolving eureka endpoints via configuration
2019-03-08 09:32:17.298 [main] INFO  com.netflix.discovery.DiscoveryClient - Disable delta property : false
2019-03-08 09:32:17.299 [main] INFO  com.netflix.discovery.DiscoveryClient - Single vip registry refresh property : null
2019-03-08 09:32:17.299 [main] INFO  com.netflix.discovery.DiscoveryClient - Force full registry fetch : false
2019-03-08 09:32:17.299 [main] INFO  com.netflix.discovery.DiscoveryClient - Application is null : false
2019-03-08 09:32:17.299 [main] INFO  com.netflix.discovery.DiscoveryClient - Registered Applications size is zero : true
2019-03-08 09:32:17.299 [main] INFO  com.netflix.discovery.DiscoveryClient - Application version is -1: true
2019-03-08 09:32:17.299 [main] INFO  com.netflix.discovery.DiscoveryClient - Getting all instance registry info from the eureka server
2019-03-08 09:32:17.501 [main] INFO  com.netflix.discovery.DiscoveryClient - The response status is 200
2019-03-08 09:32:17.505 [main] INFO  com.netflix.discovery.DiscoveryClient - Starting heartbeat executor: renew interval is: 30
2019-03-08 09:32:17.507 [main] INFO  com.netflix.discovery.InstanceInfoReplicator - InstanceInfoReplicator onDemand update allowed rate per min is 4
2019-03-08 09:32:17.514 [main] INFO  com.netflix.discovery.DiscoveryClient - Discovery Client initialized at timestamp 1552008737512 with initial instances count: 2
2019-03-08 09:32:17.516 [main] INFO  o.s.c.n.e.serviceregistry.EurekaServiceRegistry - Registering application EUREKA-CONSUMER with eureka with status UP
2019-03-08 09:32:17.517 [main] INFO  com.netflix.discovery.DiscoveryClient - Saw local status change event StatusChangeEvent [timestamp=1552008737517, current=UP, previous=STARTING]
2019-03-08 09:32:17.520 [DiscoveryClient-InstanceInfoReplicator-0] INFO  com.netflix.discovery.DiscoveryClient - DiscoveryClient_EUREKA-CONSUMER/DESKTOP-GFT4G5U:eureka-consumer:9091: registering service...
2019-03-08 09:32:17.540 [main] INFO  org.apache.coyote.http11.Http11NioProtocol - Starting ProtocolHandler ["http-nio-9091"]
2019-03-08 09:32:17.568 [DiscoveryClient-InstanceInfoReplicator-0] INFO  com.netflix.discovery.DiscoveryClient - DiscoveryClient_EUREKA-CONSUMER/DESKTOP-GFT4G5U:eureka-consumer:9091 - registration status: 204
2019-03-08 09:32:17.582 [main] INFO  o.s.boot.web.embedded.tomcat.TomcatWebServer - Tomcat started on port(s): 9091 (http) with context path ''
2019-03-08 09:32:17.582 [main] INFO  o.s.c.n.e.s.EurekaAutoServiceRegistration - Updating port to 9091
2019-03-08 09:32:17.584 [main] INFO  c.i.z.eureka_consumer.EurekaConsumerApplication - Started EurekaConsumerApplication in 9.662 seconds (JVM running for 10.389)
2019-03-08 09:36:21.641 [http-nio-9091-exec-1] INFO  o.a.c.core.ContainerBase.[Tomcat].[localhost].[/] - Initializing Spring DispatcherServlet 'dispatcherServlet'
2019-03-08 09:36:21.641 [http-nio-9091-exec-1] INFO  org.springframework.web.servlet.DispatcherServlet - Initializing Servlet 'dispatcherServlet'
2019-03-08 09:36:21.650 [http-nio-9091-exec-1] INFO  org.springframework.web.servlet.DispatcherServlet - Completed initialization in 9 ms
2019-03-08 09:36:22.146 [http-nio-9091-exec-1] INFO  com.netflix.config.ChainedDynamicProperty - Flipping property: eureka-provider.ribbon.ActiveConnectionsLimit to use NEXT property: niws.loadbalancer.availabilityFilteringRule.activeConnectionsLimit = 2147483647
2019-03-08 09:36:22.232 [http-nio-9091-exec-1] INFO  com.netflix.util.concurrent.ShutdownEnabledTimer - Shutdown hook installed for: NFLoadBalancer-PingTimer-eureka-provider
2019-03-08 09:36:22.233 [http-nio-9091-exec-1] INFO  com.netflix.loadbalancer.BaseLoadBalancer - Client: eureka-provider instantiated a LoadBalancer: DynamicServerListLoadBalancer:{NFLoadBalancer:name=eureka-provider,current list of Servers=[],Load balancer stats=Zone stats: {},Server stats: []}ServerList:null
2019-03-08 09:36:22.263 [http-nio-9091-exec-1] INFO  c.n.loadbalancer.DynamicServerListLoadBalancer - Using serverListUpdater PollingServerListUpdater
2019-03-08 09:36:22.384 [http-nio-9091-exec-1] INFO  com.netflix.config.ChainedDynamicProperty - Flipping property: eureka-provider.ribbon.ActiveConnectionsLimit to use NEXT property: niws.loadbalancer.availabilityFilteringRule.activeConnectionsLimit = 2147483647
2019-03-08 09:36:22.387 [http-nio-9091-exec-1] INFO  c.n.loadbalancer.DynamicServerListLoadBalancer - DynamicServerListLoadBalancer for client eureka-provider initialized: DynamicServerListLoadBalancer:{NFLoadBalancer:name=eureka-provider,current list of Servers=[DESKTOP-GFT4G5U:9090],Load balancer stats=Zone stats: {defaultzone=[Zone:defaultzone;	Instance count:1;	Active connections count: 0;	Circuit breaker tripped count: 0;	Active connections per server: 0.0;]
},Server stats: [[Server:DESKTOP-GFT4G5U:9090;	Zone:defaultZone;	Total Requests:0;	Successive connection failure:0;	Total blackout seconds:0;	Last connection made:Thu Jan 01 08:00:00 CST 1970;	First connection made: Thu Jan 01 08:00:00 CST 1970;	Active Connections:0;	total failure count in last (1000) msecs:0;	average resp time:0.0;	90 percentile resp time:0.0;	95 percentile resp time:0.0;	min resp time:0.0;	max resp time:0.0;	stddev resp time:0.0]
]}ServerList:org.springframework.cloud.netflix.ribbon.eureka.DomainExtractingServerList@3aadf73d
2019-03-08 09:36:22.551 [http-nio-9091-exec-1] ERROR o.a.c.c.C.[.[localhost].[/].[dispatcherServlet] - Servlet.service() for servlet [dispatcherServlet] in context with path [] threw exception [Request processing failed; nested exception is org.springframework.http.converter.HttpMessageConversionException: Type definition error: [simple type, class cn.ictt.zhanghui.eureka_consumer.pojo.User]; nested exception is com.fasterxml.jackson.databind.exc.InvalidDefinitionException: Cannot construct instance of `cn.ictt.zhanghui.eureka_consumer.pojo.User` (no Creators, like default construct, exist): cannot deserialize from Object value (no delegate- or property-based Creator)
 at [Source: (PushbackInputStream); line: 1, column: 3] (through reference chain: java.util.ArrayList[0])] with root cause
com.fasterxml.jackson.databind.exc.InvalidDefinitionException: Cannot construct instance of `cn.ictt.zhanghui.eureka_consumer.pojo.User` (no Creators, like default construct, exist): cannot deserialize from Object value (no delegate- or property-based Creator)
 at [Source: (PushbackInputStream); line: 1, column: 3] (through reference chain: java.util.ArrayList[0])
	at com.fasterxml.jackson.databind.exc.InvalidDefinitionException.from(InvalidDefinitionException.java:67)
	at com.fasterxml.jackson.databind.DeserializationContext.reportBadDefinition(DeserializationContext.java:1452)
	at com.fasterxml.jackson.databind.DeserializationContext.handleMissingInstantiator(DeserializationContext.java:1028)
	at com.fasterxml.jackson.databind.deser.BeanDeserializerBase.deserializeFromObjectUsingNonDefault(BeanDeserializerBase.java:1297)
	at com.fasterxml.jackson.databind.deser.BeanDeserializer.deserializeFromObject(BeanDeserializer.java:326)
	at com.fasterxml.jackson.databind.deser.BeanDeserializer.deserialize(BeanDeserializer.java:159)
	at com.fasterxml.jackson.databind.deser.std.CollectionDeserializer.deserialize(CollectionDeserializer.java:286)
	at com.fasterxml.jackson.databind.deser.std.CollectionDeserializer.deserialize(CollectionDeserializer.java:245)
	at com.fasterxml.jackson.databind.deser.std.CollectionDeserializer.deserialize(CollectionDeserializer.java:27)
	at com.fasterxml.jackson.databind.ObjectMapper._readMapAndClose(ObjectMapper.java:4013)
	at com.fasterxml.jackson.databind.ObjectMapper.readValue(ObjectMapper.java:3084)
	at org.springframework.http.converter.json.AbstractJackson2HttpMessageConverter.readJavaType(AbstractJackson2HttpMessageConverter.java:239)
	at org.springframework.http.converter.json.AbstractJackson2HttpMessageConverter.read(AbstractJackson2HttpMessageConverter.java:227)
	at org.springframework.web.client.HttpMessageConverterExtractor.extractData(HttpMessageConverterExtractor.java:102)
	at org.springframework.web.client.RestTemplate$ResponseEntityResponseExtractor.extractData(RestTemplate.java:995)
	at org.springframework.web.client.RestTemplate$ResponseEntityResponseExtractor.extractData(RestTemplate.java:978)
	at org.springframework.web.client.RestTemplate.doExecute(RestTemplate.java:737)
	at org.springframework.web.client.RestTemplate.execute(RestTemplate.java:670)
	at org.springframework.web.client.RestTemplate.exchange(RestTemplate.java:608)
	at cn.ictt.zhanghui.eureka_consumer.service.UserService.getUsers(UserService.java:33)
	at cn.ictt.zhanghui.eureka_consumer.controller.UserController.getUsers(UserController.java:18)
	at sun.reflect.NativeMethodAccessorImpl.invoke0(Native Method)
	at sun.reflect.NativeMethodAccessorImpl.invoke(NativeMethodAccessorImpl.java:62)
	at sun.reflect.DelegatingMethodAccessorImpl.invoke(DelegatingMethodAccessorImpl.java:43)
	at java.lang.reflect.Method.invoke(Method.java:498)
	at org.springframework.web.method.support.InvocableHandlerMethod.doInvoke(InvocableHandlerMethod.java:189)
	at org.springframework.web.method.support.InvocableHandlerMethod.invokeForRequest(InvocableHandlerMethod.java:138)
	at org.springframework.web.servlet.mvc.method.annotation.ServletInvocableHandlerMethod.invokeAndHandle(ServletInvocableHandlerMethod.java:102)
	at org.springframework.web.servlet.mvc.method.annotation.RequestMappingHandlerAdapter.invokeHandlerMethod(RequestMappingHandlerAdapter.java:895)
	at org.springframework.web.servlet.mvc.method.annotation.RequestMappingHandlerAdapter.handleInternal(RequestMappingHandlerAdapter.java:800)
	at org.springframework.web.servlet.mvc.method.AbstractHandlerMethodAdapter.handle(AbstractHandlerMethodAdapter.java:87)
	at org.springframework.web.servlet.DispatcherServlet.doDispatch(DispatcherServlet.java:1038)
	at org.springframework.web.servlet.DispatcherServlet.doService(DispatcherServlet.java:942)
	at org.springframework.web.servlet.FrameworkServlet.processRequest(FrameworkServlet.java:1005)
	at org.springframework.web.servlet.FrameworkServlet.doGet(FrameworkServlet.java:897)
	at javax.servlet.http.HttpServlet.service(HttpServlet.java:634)
	at org.springframework.web.servlet.FrameworkServlet.service(FrameworkServlet.java:882)
	at javax.servlet.http.HttpServlet.service(HttpServlet.java:741)
	at org.apache.catalina.core.ApplicationFilterChain.internalDoFilter(ApplicationFilterChain.java:231)
	at org.apache.catalina.core.ApplicationFilterChain.doFilter(ApplicationFilterChain.java:166)
	at org.apache.tomcat.websocket.server.WsFilter.doFilter(WsFilter.java:53)
	at org.apache.catalina.core.ApplicationFilterChain.internalDoFilter(ApplicationFilterChain.java:193)
	at org.apache.catalina.core.ApplicationFilterChain.doFilter(ApplicationFilterChain.java:166)
	at org.springframework.web.filter.RequestContextFilter.doFilterInternal(RequestContextFilter.java:99)
	at org.springframework.web.filter.OncePerRequestFilter.doFilter(OncePerRequestFilter.java:107)
	at org.apache.catalina.core.ApplicationFilterChain.internalDoFilter(ApplicationFilterChain.java:193)
	at org.apache.catalina.core.ApplicationFilterChain.doFilter(ApplicationFilterChain.java:166)
	at org.springframework.web.filter.FormContentFilter.doFilterInternal(FormContentFilter.java:92)
	at org.springframework.web.filter.OncePerRequestFilter.doFilter(OncePerRequestFilter.java:107)
	at org.apache.catalina.core.ApplicationFilterChain.internalDoFilter(ApplicationFilterChain.java:193)
	at org.apache.catalina.core.ApplicationFilterChain.doFilter(ApplicationFilterChain.java:166)
	at org.springframework.web.filter.HiddenHttpMethodFilter.doFilterInternal(HiddenHttpMethodFilter.java:93)
	at org.springframework.web.filter.OncePerRequestFilter.doFilter(OncePerRequestFilter.java:107)
	at org.apache.catalina.core.ApplicationFilterChain.internalDoFilter(ApplicationFilterChain.java:193)
	at org.apache.catalina.core.ApplicationFilterChain.doFilter(ApplicationFilterChain.java:166)
	at org.springframework.web.filter.CharacterEncodingFilter.doFilterInternal(CharacterEncodingFilter.java:200)
	at org.springframework.web.filter.OncePerRequestFilter.doFilter(OncePerRequestFilter.java:107)
	at org.apache.catalina.core.ApplicationFilterChain.internalDoFilter(ApplicationFilterChain.java:193)
	at org.apache.catalina.core.ApplicationFilterChain.doFilter(ApplicationFilterChain.java:166)
	at org.apache.catalina.core.StandardWrapperValve.invoke(StandardWrapperValve.java:200)
	at org.apache.catalina.core.StandardContextValve.invoke(StandardContextValve.java:96)
	at org.apache.catalina.authenticator.AuthenticatorBase.invoke(AuthenticatorBase.java:490)
	at org.apache.catalina.core.StandardHostValve.invoke(StandardHostValve.java:139)
	at org.apache.catalina.valves.ErrorReportValve.invoke(ErrorReportValve.java:92)
	at org.apache.catalina.core.StandardEngineValve.invoke(StandardEngineValve.java:74)
	at org.apache.catalina.connector.CoyoteAdapter.service(CoyoteAdapter.java:343)
	at org.apache.coyote.http11.Http11Processor.service(Http11Processor.java:408)
	at org.apache.coyote.AbstractProcessorLight.process(AbstractProcessorLight.java:66)
	at org.apache.coyote.AbstractProtocol$ConnectionHandler.process(AbstractProtocol.java:834)
	at org.apache.tomcat.util.net.NioEndpoint$SocketProcessor.doRun(NioEndpoint.java:1415)
	at org.apache.tomcat.util.net.SocketProcessorBase.run(SocketProcessorBase.java:49)
	at java.util.concurrent.ThreadPoolExecutor.runWorker(ThreadPoolExecutor.java:1149)
	at java.util.concurrent.ThreadPoolExecutor$Worker.run(ThreadPoolExecutor.java:624)
	at org.apache.tomcat.util.threads.TaskThread$WrappingRunnable.run(TaskThread.java:61)
	at java.lang.Thread.run(Thread.java:748)
2019-03-08 09:36:23.270 [PollingServerListUpdater-0] INFO  com.netflix.config.ChainedDynamicProperty - Flipping property: eureka-provider.ribbon.ActiveConnectionsLimit to use NEXT property: niws.loadbalancer.availabilityFilteringRule.activeConnectionsLimit = 2147483647
2019-03-08 09:37:17.302 [AsyncResolver-bootstrap-executor-0] INFO  c.n.d.shared.resolver.aws.ConfigClusterResolver - Resolving eureka endpoints via configuration
2019-03-08 09:39:37.009 [main] INFO  o.s.c.s.PostProcessorRegistrationDelegate$BeanPostProcessorChecker - Bean 'org.springframework.cloud.autoconfigure.ConfigurationPropertiesRebinderAutoConfiguration' of type [org.springframework.cloud.autoconfigure.ConfigurationPropertiesRebinderAutoConfiguration$$EnhancerBySpringCGLIB$$eb421b7a] is not eligible for getting processed by all BeanPostProcessors (for example: not eligible for auto-proxying)
2019-03-08 09:39:37.632 [main] INFO  o.s.c.c.client.ConfigServicePropertySourceLocator - Fetching config from server at : http://localhost:8888
2019-03-08 09:39:38.761 [main] INFO  o.s.c.c.client.ConfigServicePropertySourceLocator - Connect Timeout Exception on Url - http://localhost:8888. Will be trying the next url if available
2019-03-08 09:39:38.762 [main] WARN  o.s.c.c.client.ConfigServicePropertySourceLocator - Could not locate PropertySource: I/O error on GET request for "http://localhost:8888/eureka-consumer/default": Connection refused: connect; nested exception is java.net.ConnectException: Connection refused: connect
2019-03-08 09:39:38.766 [main] INFO  c.i.z.eureka_consumer.EurekaConsumerApplication - No active profile set, falling back to default profiles: default
2019-03-08 09:39:39.518 [main] INFO  o.springframework.cloud.context.scope.GenericScope - BeanFactory id=b4774cd1-6721-3823-a8cd-7df476460ccc
2019-03-08 09:39:39.593 [main] INFO  o.s.c.s.PostProcessorRegistrationDelegate$BeanPostProcessorChecker - Bean 'org.springframework.cloud.autoconfigure.ConfigurationPropertiesRebinderAutoConfiguration' of type [org.springframework.cloud.autoconfigure.ConfigurationPropertiesRebinderAutoConfiguration$$EnhancerBySpringCGLIB$$eb421b7a] is not eligible for getting processed by all BeanPostProcessors (for example: not eligible for auto-proxying)
2019-03-08 09:39:40.133 [main] INFO  o.s.boot.web.embedded.tomcat.TomcatWebServer - Tomcat initialized with port(s): 9091 (http)
2019-03-08 09:39:40.265 [main] INFO  org.apache.coyote.http11.Http11NioProtocol - Initializing ProtocolHandler ["http-nio-9091"]
2019-03-08 09:39:40.299 [main] INFO  org.apache.catalina.core.StandardService - Starting service [Tomcat]
2019-03-08 09:39:40.299 [main] INFO  org.apache.catalina.core.StandardEngine - Starting Servlet engine: [Apache Tomcat/9.0.16]
2019-03-08 09:39:40.318 [main] INFO  org.apache.catalina.core.AprLifecycleListener - An older version [1.2.16] of the APR based Apache Tomcat Native library is installed, while Tomcat recommends a minimum version of [1.2.21]
2019-03-08 09:39:40.318 [main] INFO  org.apache.catalina.core.AprLifecycleListener - Loaded APR based Apache Tomcat Native library [1.2.16] using APR version [1.6.3].
2019-03-08 09:39:40.318 [main] INFO  org.apache.catalina.core.AprLifecycleListener - APR capabilities: IPv6 [true], sendfile [true], accept filters [false], random [true].
2019-03-08 09:39:40.319 [main] INFO  org.apache.catalina.core.AprLifecycleListener - APR/OpenSSL configuration: useAprConnector [false], useOpenSSL [true]
2019-03-08 09:39:41.370 [main] INFO  org.apache.catalina.core.AprLifecycleListener - OpenSSL successfully initialized [OpenSSL 1.0.2m  2 Nov 2017]
2019-03-08 09:39:41.644 [main] INFO  o.a.c.core.ContainerBase.[Tomcat].[localhost].[/] - Initializing Spring embedded WebApplicationContext
2019-03-08 09:39:41.645 [main] INFO  org.springframework.web.context.ContextLoader - Root WebApplicationContext: initialization completed in 2858 ms
2019-03-08 09:39:41.822 [main] WARN  com.netflix.config.sources.URLConfigurationSource - No URLs will be polled as dynamic configuration sources.
2019-03-08 09:39:41.830 [main] INFO  com.netflix.config.sources.URLConfigurationSource - To enable URLs as dynamic configuration sources, define System property archaius.configurationSource.additionalUrls or make config.properties available on classpath.
2019-03-08 09:39:41.844 [main] WARN  com.netflix.config.sources.URLConfigurationSource - No URLs will be polled as dynamic configuration sources.
2019-03-08 09:39:41.844 [main] INFO  com.netflix.config.sources.URLConfigurationSource - To enable URLs as dynamic configuration sources, define System property archaius.configurationSource.additionalUrls or make config.properties available on classpath.
2019-03-08 09:39:42.085 [main] INFO  o.s.scheduling.concurrent.ThreadPoolTaskExecutor - Initializing ExecutorService 'applicationTaskExecutor'
2019-03-08 09:39:43.231 [main] INFO  o.s.cloud.netflix.eureka.InstanceInfoFactory - Setting initial instance status as: STARTING
2019-03-08 09:39:43.270 [main] INFO  com.netflix.discovery.DiscoveryClient - Initializing Eureka in region us-east-1
2019-03-08 09:39:43.606 [main] INFO  c.n.discovery.provider.DiscoveryJerseyProvider - Using JSON encoding codec LegacyJacksonJson
2019-03-08 09:39:43.606 [main] INFO  c.n.discovery.provider.DiscoveryJerseyProvider - Using JSON decoding codec LegacyJacksonJson
2019-03-08 09:39:43.730 [main] INFO  c.n.discovery.provider.DiscoveryJerseyProvider - Using XML encoding codec XStreamXml
2019-03-08 09:39:43.730 [main] INFO  c.n.discovery.provider.DiscoveryJerseyProvider - Using XML decoding codec XStreamXml
2019-03-08 09:39:43.905 [main] INFO  c.n.d.shared.resolver.aws.ConfigClusterResolver - Resolving eureka endpoints via configuration
2019-03-08 09:39:44.042 [main] INFO  com.netflix.discovery.DiscoveryClient - Disable delta property : false
2019-03-08 09:39:44.043 [main] INFO  com.netflix.discovery.DiscoveryClient - Single vip registry refresh property : null
2019-03-08 09:39:44.043 [main] INFO  com.netflix.discovery.DiscoveryClient - Force full registry fetch : false
2019-03-08 09:39:44.043 [main] INFO  com.netflix.discovery.DiscoveryClient - Application is null : false
2019-03-08 09:39:44.043 [main] INFO  com.netflix.discovery.DiscoveryClient - Registered Applications size is zero : true
2019-03-08 09:39:44.043 [main] INFO  com.netflix.discovery.DiscoveryClient - Application version is -1: true
2019-03-08 09:39:44.043 [main] INFO  com.netflix.discovery.DiscoveryClient - Getting all instance registry info from the eureka server
2019-03-08 09:39:44.317 [main] INFO  com.netflix.discovery.DiscoveryClient - The response status is 200
2019-03-08 09:39:44.331 [main] INFO  com.netflix.discovery.DiscoveryClient - Starting heartbeat executor: renew interval is: 30
2019-03-08 09:39:44.334 [main] INFO  com.netflix.discovery.InstanceInfoReplicator - InstanceInfoReplicator onDemand update allowed rate per min is 4
2019-03-08 09:39:44.361 [main] INFO  com.netflix.discovery.DiscoveryClient - Discovery Client initialized at timestamp 1552009184351 with initial instances count: 2
2019-03-08 09:39:44.365 [main] INFO  o.s.c.n.e.serviceregistry.EurekaServiceRegistry - Registering application EUREKA-CONSUMER with eureka with status UP
2019-03-08 09:39:44.366 [main] INFO  com.netflix.discovery.DiscoveryClient - Saw local status change event StatusChangeEvent [timestamp=1552009184366, current=UP, previous=STARTING]
2019-03-08 09:39:44.397 [DiscoveryClient-InstanceInfoReplicator-0] INFO  com.netflix.discovery.DiscoveryClient - DiscoveryClient_EUREKA-CONSUMER/DESKTOP-GFT4G5U:eureka-consumer:9091: registering service...
2019-03-08 09:39:44.411 [main] INFO  org.apache.coyote.http11.Http11NioProtocol - Starting ProtocolHandler ["http-nio-9091"]
2019-03-08 09:39:44.440 [DiscoveryClient-InstanceInfoReplicator-0] INFO  com.netflix.discovery.DiscoveryClient - DiscoveryClient_EUREKA-CONSUMER/DESKTOP-GFT4G5U:eureka-consumer:9091 - registration status: 204
2019-03-08 09:39:44.454 [main] INFO  o.s.boot.web.embedded.tomcat.TomcatWebServer - Tomcat started on port(s): 9091 (http) with context path ''
2019-03-08 09:39:44.454 [main] INFO  o.s.c.n.e.s.EurekaAutoServiceRegistration - Updating port to 9091
2019-03-08 09:39:44.456 [main] INFO  c.i.z.eureka_consumer.EurekaConsumerApplication - Started EurekaConsumerApplication in 8.671 seconds (JVM running for 9.383)
2019-03-08 09:39:58.344 [http-nio-9091-exec-1] INFO  o.a.c.core.ContainerBase.[Tomcat].[localhost].[/] - Initializing Spring DispatcherServlet 'dispatcherServlet'
2019-03-08 09:39:58.345 [http-nio-9091-exec-1] INFO  org.springframework.web.servlet.DispatcherServlet - Initializing Servlet 'dispatcherServlet'
2019-03-08 09:39:58.352 [http-nio-9091-exec-1] INFO  org.springframework.web.servlet.DispatcherServlet - Completed initialization in 7 ms
2019-03-08 09:39:58.832 [http-nio-9091-exec-1] INFO  com.netflix.config.ChainedDynamicProperty - Flipping property: eureka-provider.ribbon.ActiveConnectionsLimit to use NEXT property: niws.loadbalancer.availabilityFilteringRule.activeConnectionsLimit = 2147483647
2019-03-08 09:39:58.880 [http-nio-9091-exec-1] INFO  com.netflix.util.concurrent.ShutdownEnabledTimer - Shutdown hook installed for: NFLoadBalancer-PingTimer-eureka-provider
2019-03-08 09:39:58.880 [http-nio-9091-exec-1] INFO  com.netflix.loadbalancer.BaseLoadBalancer - Client: eureka-provider instantiated a LoadBalancer: DynamicServerListLoadBalancer:{NFLoadBalancer:name=eureka-provider,current list of Servers=[],Load balancer stats=Zone stats: {},Server stats: []}ServerList:null
2019-03-08 09:39:58.887 [http-nio-9091-exec-1] INFO  c.n.loadbalancer.DynamicServerListLoadBalancer - Using serverListUpdater PollingServerListUpdater
2019-03-08 09:39:58.913 [http-nio-9091-exec-1] INFO  com.netflix.config.ChainedDynamicProperty - Flipping property: eureka-provider.ribbon.ActiveConnectionsLimit to use NEXT property: niws.loadbalancer.availabilityFilteringRule.activeConnectionsLimit = 2147483647
2019-03-08 09:39:58.915 [http-nio-9091-exec-1] INFO  c.n.loadbalancer.DynamicServerListLoadBalancer - DynamicServerListLoadBalancer for client eureka-provider initialized: DynamicServerListLoadBalancer:{NFLoadBalancer:name=eureka-provider,current list of Servers=[DESKTOP-GFT4G5U:9090],Load balancer stats=Zone stats: {defaultzone=[Zone:defaultzone;	Instance count:1;	Active connections count: 0;	Circuit breaker tripped count: 0;	Active connections per server: 0.0;]
},Server stats: [[Server:DESKTOP-GFT4G5U:9090;	Zone:defaultZone;	Total Requests:0;	Successive connection failure:0;	Total blackout seconds:0;	Last connection made:Thu Jan 01 08:00:00 CST 1970;	First connection made: Thu Jan 01 08:00:00 CST 1970;	Active Connections:0;	total failure count in last (1000) msecs:0;	average resp time:0.0;	90 percentile resp time:0.0;	95 percentile resp time:0.0;	min resp time:0.0;	max resp time:0.0;	stddev resp time:0.0]
]}ServerList:org.springframework.cloud.netflix.ribbon.eureka.DomainExtractingServerList@402db3
2019-03-08 09:39:59.892 [PollingServerListUpdater-0] INFO  com.netflix.config.ChainedDynamicProperty - Flipping property: eureka-provider.ribbon.ActiveConnectionsLimit to use NEXT property: niws.loadbalancer.availabilityFilteringRule.activeConnectionsLimit = 2147483647
