2019-03-07 20:58:52.670 [main] INFO  o.s.c.s.PostProcessorRegistrationDelegate$BeanPostProcessorChecker - Bean 'org.springframework.cloud.autoconfigure.ConfigurationPropertiesRebinderAutoConfiguration' of type [org.springframework.cloud.autoconfigure.ConfigurationPropertiesRebinderAutoConfiguration$$EnhancerBySpringCGLIB$$a5653833] is not eligible for getting processed by all BeanPostProcessors (for example: not eligible for auto-proxying)
2019-03-07 20:58:53.115 [main] INFO  o.s.c.c.client.ConfigServicePropertySourceLocator - Fetching config from server at : http://localhost:8888
2019-03-07 20:58:54.230 [main] INFO  o.s.c.c.client.ConfigServicePropertySourceLocator - Connect Timeout Exception on Url - http://localhost:8888. Will be trying the next url if available
2019-03-07 20:58:54.231 [main] WARN  o.s.c.c.client.ConfigServicePropertySourceLocator - Could not locate PropertySource: I/O error on GET request for "http://localhost:8888/eureka-provider/default": Connection refused: connect; nested exception is java.net.ConnectException: Connection refused: connect
2019-03-07 20:58:54.236 [main] INFO  c.i.z.eureka_provider.EurekaServerApplication - No active profile set, falling back to default profiles: default
2019-03-07 20:58:54.940 [main] INFO  o.springframework.cloud.context.scope.GenericScope - BeanFactory id=a48e9d51-94f1-3c57-bf5d-2705e733d855
2019-03-07 20:58:55.030 [main] INFO  o.s.c.s.PostProcessorRegistrationDelegate$BeanPostProcessorChecker - Bean 'org.springframework.cloud.autoconfigure.ConfigurationPropertiesRebinderAutoConfiguration' of type [org.springframework.cloud.autoconfigure.ConfigurationPropertiesRebinderAutoConfiguration$$EnhancerBySpringCGLIB$$a5653833] is not eligible for getting processed by all BeanPostProcessors (for example: not eligible for auto-proxying)
2019-03-07 20:58:55.514 [main] INFO  o.s.boot.web.embedded.tomcat.TomcatWebServer - Tomcat initialized with port(s): 9090 (http)
2019-03-07 20:58:55.598 [main] INFO  org.apache.coyote.http11.Http11NioProtocol - Initializing ProtocolHandler ["http-nio-9090"]
2019-03-07 20:58:55.608 [main] INFO  org.apache.catalina.core.StandardService - Starting service [Tomcat]
2019-03-07 20:58:55.609 [main] INFO  org.apache.catalina.core.StandardEngine - Starting Servlet engine: [Apache Tomcat/9.0.16]
2019-03-07 20:58:55.622 [main] INFO  org.apache.catalina.core.AprLifecycleListener - An older version [1.2.16] of the APR based Apache Tomcat Native library is installed, while Tomcat recommends a minimum version of [1.2.21]
2019-03-07 20:58:55.622 [main] INFO  org.apache.catalina.core.AprLifecycleListener - Loaded APR based Apache Tomcat Native library [1.2.16] using APR version [1.6.3].
2019-03-07 20:58:55.623 [main] INFO  org.apache.catalina.core.AprLifecycleListener - APR capabilities: IPv6 [true], sendfile [true], accept filters [false], random [true].
2019-03-07 20:58:55.628 [main] INFO  org.apache.catalina.core.AprLifecycleListener - APR/OpenSSL configuration: useAprConnector [false], useOpenSSL [true]
2019-03-07 20:58:56.693 [main] INFO  org.apache.catalina.core.AprLifecycleListener - OpenSSL successfully initialized [OpenSSL 1.0.2m  2 Nov 2017]
2019-03-07 20:58:56.818 [main] INFO  o.a.c.core.ContainerBase.[Tomcat].[localhost].[/] - Initializing Spring embedded WebApplicationContext
2019-03-07 20:58:56.819 [main] INFO  org.springframework.web.context.ContextLoader - Root WebApplicationContext: initialization completed in 2560 ms
2019-03-07 20:58:56.907 [main] WARN  com.netflix.config.sources.URLConfigurationSource - No URLs will be polled as dynamic configuration sources.
2019-03-07 20:58:56.908 [main] INFO  com.netflix.config.sources.URLConfigurationSource - To enable URLs as dynamic configuration sources, define System property archaius.configurationSource.additionalUrls or make config.properties available on classpath.
2019-03-07 20:58:56.913 [main] WARN  com.netflix.config.sources.URLConfigurationSource - No URLs will be polled as dynamic configuration sources.
2019-03-07 20:58:56.913 [main] INFO  com.netflix.config.sources.URLConfigurationSource - To enable URLs as dynamic configuration sources, define System property archaius.configurationSource.additionalUrls or make config.properties available on classpath.
2019-03-07 20:58:57.104 [main] INFO  o.s.scheduling.concurrent.ThreadPoolTaskExecutor - Initializing ExecutorService 'applicationTaskExecutor'
2019-03-07 20:58:58.153 [main] INFO  o.s.cloud.netflix.eureka.InstanceInfoFactory - Setting initial instance status as: STARTING
2019-03-07 20:58:58.198 [main] INFO  com.netflix.discovery.DiscoveryClient - Initializing Eureka in region us-east-1
2019-03-07 20:58:58.575 [main] INFO  c.n.discovery.provider.DiscoveryJerseyProvider - Using JSON encoding codec LegacyJacksonJson
2019-03-07 20:58:58.575 [main] INFO  c.n.discovery.provider.DiscoveryJerseyProvider - Using JSON decoding codec LegacyJacksonJson
2019-03-07 20:58:58.696 [main] INFO  c.n.discovery.provider.DiscoveryJerseyProvider - Using XML encoding codec XStreamXml
2019-03-07 20:58:58.696 [main] INFO  c.n.discovery.provider.DiscoveryJerseyProvider - Using XML decoding codec XStreamXml
2019-03-07 20:58:58.876 [main] INFO  c.n.d.shared.resolver.aws.ConfigClusterResolver - Resolving eureka endpoints via configuration
2019-03-07 20:58:59.048 [main] INFO  com.netflix.discovery.DiscoveryClient - Disable delta property : false
2019-03-07 20:58:59.048 [main] INFO  com.netflix.discovery.DiscoveryClient - Single vip registry refresh property : null
2019-03-07 20:58:59.048 [main] INFO  com.netflix.discovery.DiscoveryClient - Force full registry fetch : false
2019-03-07 20:58:59.048 [main] INFO  com.netflix.discovery.DiscoveryClient - Application is null : false
2019-03-07 20:58:59.048 [main] INFO  com.netflix.discovery.DiscoveryClient - Registered Applications size is zero : true
2019-03-07 20:58:59.048 [main] INFO  com.netflix.discovery.DiscoveryClient - Application version is -1: true
2019-03-07 20:58:59.048 [main] INFO  com.netflix.discovery.DiscoveryClient - Getting all instance registry info from the eureka server
2019-03-07 20:58:59.452 [main] INFO  com.netflix.discovery.DiscoveryClient - The response status is 200
2019-03-07 20:58:59.455 [main] INFO  com.netflix.discovery.DiscoveryClient - Starting heartbeat executor: renew interval is: 30
2019-03-07 20:58:59.462 [main] INFO  com.netflix.discovery.InstanceInfoReplicator - InstanceInfoReplicator onDemand update allowed rate per min is 4
2019-03-07 20:58:59.470 [main] INFO  com.netflix.discovery.DiscoveryClient - Discovery Client initialized at timestamp 1551963539468 with initial instances count: 0
2019-03-07 20:58:59.473 [main] INFO  o.s.c.n.e.serviceregistry.EurekaServiceRegistry - Registering application EUREKA-PROVIDER with eureka with status UP
2019-03-07 20:58:59.479 [main] INFO  com.netflix.discovery.DiscoveryClient - Saw local status change event StatusChangeEvent [timestamp=1551963539479, current=UP, previous=STARTING]
2019-03-07 20:58:59.512 [DiscoveryClient-InstanceInfoReplicator-0] INFO  com.netflix.discovery.DiscoveryClient - DiscoveryClient_EUREKA-PROVIDER/DESKTOP-GFT4G5U:eureka-provider:9090: registering service...
2019-03-07 20:58:59.513 [main] INFO  org.apache.coyote.http11.Http11NioProtocol - Starting ProtocolHandler ["http-nio-9090"]
2019-03-07 20:58:59.582 [main] INFO  o.s.boot.web.embedded.tomcat.TomcatWebServer - Tomcat started on port(s): 9090 (http) with context path ''
2019-03-07 20:58:59.584 [main] INFO  o.s.c.n.e.s.EurekaAutoServiceRegistration - Updating port to 9090
2019-03-07 20:58:59.590 [main] INFO  c.i.z.eureka_provider.EurekaServerApplication - Started EurekaServerApplication in 7.985 seconds (JVM running for 8.988)
2019-03-07 20:58:59.743 [DiscoveryClient-InstanceInfoReplicator-0] INFO  com.netflix.discovery.DiscoveryClient - DiscoveryClient_EUREKA-PROVIDER/DESKTOP-GFT4G5U:eureka-provider:9090 - registration status: 204
2019-03-07 20:59:29.458 [DiscoveryClient-CacheRefreshExecutor-0] INFO  com.netflix.discovery.DiscoveryClient - Disable delta property : false
2019-03-07 20:59:29.458 [DiscoveryClient-CacheRefreshExecutor-0] INFO  com.netflix.discovery.DiscoveryClient - Single vip registry refresh property : null
2019-03-07 20:59:29.459 [DiscoveryClient-CacheRefreshExecutor-0] INFO  com.netflix.discovery.DiscoveryClient - Force full registry fetch : false
2019-03-07 20:59:29.459 [DiscoveryClient-CacheRefreshExecutor-0] INFO  com.netflix.discovery.DiscoveryClient - Application is null : false
2019-03-07 20:59:29.460 [DiscoveryClient-CacheRefreshExecutor-0] INFO  com.netflix.discovery.DiscoveryClient - Registered Applications size is zero : true
2019-03-07 20:59:29.460 [DiscoveryClient-CacheRefreshExecutor-0] INFO  com.netflix.discovery.DiscoveryClient - Application version is -1: false
2019-03-07 20:59:29.460 [DiscoveryClient-CacheRefreshExecutor-0] INFO  com.netflix.discovery.DiscoveryClient - Getting all instance registry info from the eureka server
2019-03-07 20:59:29.529 [DiscoveryClient-CacheRefreshExecutor-0] INFO  com.netflix.discovery.DiscoveryClient - The response status is 200
2019-03-07 21:03:59.050 [AsyncResolver-bootstrap-executor-0] INFO  c.n.d.shared.resolver.aws.ConfigClusterResolver - Resolving eureka endpoints via configuration
2019-03-07 21:08:59.052 [AsyncResolver-bootstrap-executor-0] INFO  c.n.d.shared.resolver.aws.ConfigClusterResolver - Resolving eureka endpoints via configuration
2019-03-07 21:13:59.055 [AsyncResolver-bootstrap-executor-0] INFO  c.n.d.shared.resolver.aws.ConfigClusterResolver - Resolving eureka endpoints via configuration
2019-03-07 21:18:59.057 [AsyncResolver-bootstrap-executor-0] INFO  c.n.d.shared.resolver.aws.ConfigClusterResolver - Resolving eureka endpoints via configuration
2019-03-07 21:23:59.060 [AsyncResolver-bootstrap-executor-0] INFO  c.n.d.shared.resolver.aws.ConfigClusterResolver - Resolving eureka endpoints via configuration
2019-03-07 21:28:28.309 [main] INFO  o.s.c.s.PostProcessorRegistrationDelegate$BeanPostProcessorChecker - Bean 'org.springframework.cloud.autoconfigure.ConfigurationPropertiesRebinderAutoConfiguration' of type [org.springframework.cloud.autoconfigure.ConfigurationPropertiesRebinderAutoConfiguration$$EnhancerBySpringCGLIB$$33aef6c4] is not eligible for getting processed by all BeanPostProcessors (for example: not eligible for auto-proxying)
2019-03-07 21:28:28.731 [main] INFO  o.s.c.c.client.ConfigServicePropertySourceLocator - Fetching config from server at : http://localhost:8888
2019-03-07 21:28:29.838 [main] INFO  o.s.c.c.client.ConfigServicePropertySourceLocator - Connect Timeout Exception on Url - http://localhost:8888. Will be trying the next url if available
2019-03-07 21:28:29.840 [main] WARN  o.s.c.c.client.ConfigServicePropertySourceLocator - Could not locate PropertySource: I/O error on GET request for "http://localhost:8888/eureka-provider/default": Connection refused: connect; nested exception is java.net.ConnectException: Connection refused: connect
2019-03-07 21:28:29.846 [main] INFO  c.i.z.eureka_provider.EurekaProviderApplication - No active profile set, falling back to default profiles: default
2019-03-07 21:28:30.632 [main] INFO  o.springframework.cloud.context.scope.GenericScope - BeanFactory id=053f770c-b25e-3e8e-ad41-cb68f4c1961a
2019-03-07 21:28:30.712 [main] INFO  o.s.c.s.PostProcessorRegistrationDelegate$BeanPostProcessorChecker - Bean 'org.springframework.cloud.autoconfigure.ConfigurationPropertiesRebinderAutoConfiguration' of type [org.springframework.cloud.autoconfigure.ConfigurationPropertiesRebinderAutoConfiguration$$EnhancerBySpringCGLIB$$33aef6c4] is not eligible for getting processed by all BeanPostProcessors (for example: not eligible for auto-proxying)
2019-03-07 21:28:31.169 [main] INFO  o.s.boot.web.embedded.tomcat.TomcatWebServer - Tomcat initialized with port(s): 9090 (http)
2019-03-07 21:28:31.252 [main] INFO  org.apache.coyote.http11.Http11NioProtocol - Initializing ProtocolHandler ["http-nio-9090"]
2019-03-07 21:28:31.261 [main] INFO  org.apache.catalina.core.StandardService - Starting service [Tomcat]
2019-03-07 21:28:31.262 [main] INFO  org.apache.catalina.core.StandardEngine - Starting Servlet engine: [Apache Tomcat/9.0.16]
2019-03-07 21:28:31.274 [main] INFO  org.apache.catalina.core.AprLifecycleListener - An older version [1.2.16] of the APR based Apache Tomcat Native library is installed, while Tomcat recommends a minimum version of [1.2.21]
2019-03-07 21:28:31.274 [main] INFO  org.apache.catalina.core.AprLifecycleListener - Loaded APR based Apache Tomcat Native library [1.2.16] using APR version [1.6.3].
2019-03-07 21:28:31.274 [main] INFO  org.apache.catalina.core.AprLifecycleListener - APR capabilities: IPv6 [true], sendfile [true], accept filters [false], random [true].
2019-03-07 21:28:31.275 [main] INFO  org.apache.catalina.core.AprLifecycleListener - APR/OpenSSL configuration: useAprConnector [false], useOpenSSL [true]
2019-03-07 21:28:32.337 [main] INFO  org.apache.catalina.core.AprLifecycleListener - OpenSSL successfully initialized [OpenSSL 1.0.2m  2 Nov 2017]
2019-03-07 21:28:32.522 [main] INFO  o.a.c.core.ContainerBase.[Tomcat].[localhost].[/] - Initializing Spring embedded WebApplicationContext
2019-03-07 21:28:32.522 [main] INFO  org.springframework.web.context.ContextLoader - Root WebApplicationContext: initialization completed in 2638 ms
2019-03-07 21:28:32.592 [main] WARN  com.netflix.config.sources.URLConfigurationSource - No URLs will be polled as dynamic configuration sources.
2019-03-07 21:28:32.592 [main] INFO  com.netflix.config.sources.URLConfigurationSource - To enable URLs as dynamic configuration sources, define System property archaius.configurationSource.additionalUrls or make config.properties available on classpath.
2019-03-07 21:28:32.597 [main] WARN  com.netflix.config.sources.URLConfigurationSource - No URLs will be polled as dynamic configuration sources.
2019-03-07 21:28:32.597 [main] INFO  com.netflix.config.sources.URLConfigurationSource - To enable URLs as dynamic configuration sources, define System property archaius.configurationSource.additionalUrls or make config.properties available on classpath.
2019-03-07 21:28:32.763 [main] INFO  o.s.scheduling.concurrent.ThreadPoolTaskExecutor - Initializing ExecutorService 'applicationTaskExecutor'
2019-03-07 21:28:33.766 [main] INFO  o.s.cloud.netflix.eureka.InstanceInfoFactory - Setting initial instance status as: STARTING
2019-03-07 21:28:33.804 [main] INFO  com.netflix.discovery.DiscoveryClient - Initializing Eureka in region us-east-1
2019-03-07 21:28:34.164 [main] INFO  c.n.discovery.provider.DiscoveryJerseyProvider - Using JSON encoding codec LegacyJacksonJson
2019-03-07 21:28:34.164 [main] INFO  c.n.discovery.provider.DiscoveryJerseyProvider - Using JSON decoding codec LegacyJacksonJson
2019-03-07 21:28:34.281 [main] INFO  c.n.discovery.provider.DiscoveryJerseyProvider - Using XML encoding codec XStreamXml
2019-03-07 21:28:34.282 [main] INFO  c.n.discovery.provider.DiscoveryJerseyProvider - Using XML decoding codec XStreamXml
2019-03-07 21:28:34.454 [main] INFO  c.n.d.shared.resolver.aws.ConfigClusterResolver - Resolving eureka endpoints via configuration
2019-03-07 21:28:34.625 [main] INFO  com.netflix.discovery.DiscoveryClient - Disable delta property : false
2019-03-07 21:28:34.625 [main] INFO  com.netflix.discovery.DiscoveryClient - Single vip registry refresh property : null
2019-03-07 21:28:34.625 [main] INFO  com.netflix.discovery.DiscoveryClient - Force full registry fetch : false
2019-03-07 21:28:34.626 [main] INFO  com.netflix.discovery.DiscoveryClient - Application is null : false
2019-03-07 21:28:34.626 [main] INFO  com.netflix.discovery.DiscoveryClient - Registered Applications size is zero : true
2019-03-07 21:28:34.626 [main] INFO  com.netflix.discovery.DiscoveryClient - Application version is -1: true
2019-03-07 21:28:34.626 [main] INFO  com.netflix.discovery.DiscoveryClient - Getting all instance registry info from the eureka server
2019-03-07 21:28:34.775 [main] INFO  com.netflix.discovery.DiscoveryClient - The response status is 200
2019-03-07 21:28:34.777 [main] INFO  com.netflix.discovery.DiscoveryClient - Starting heartbeat executor: renew interval is: 30
2019-03-07 21:28:34.779 [main] INFO  com.netflix.discovery.InstanceInfoReplicator - InstanceInfoReplicator onDemand update allowed rate per min is 4
2019-03-07 21:28:34.782 [main] INFO  com.netflix.discovery.DiscoveryClient - Discovery Client initialized at timestamp 1551965314781 with initial instances count: 1
2019-03-07 21:28:34.784 [main] INFO  o.s.c.n.e.serviceregistry.EurekaServiceRegistry - Registering application EUREKA-PROVIDER with eureka with status UP
2019-03-07 21:28:34.784 [main] INFO  com.netflix.discovery.DiscoveryClient - Saw local status change event StatusChangeEvent [timestamp=1551965314784, current=UP, previous=STARTING]
2019-03-07 21:28:34.789 [DiscoveryClient-InstanceInfoReplicator-0] INFO  com.netflix.discovery.DiscoveryClient - DiscoveryClient_EUREKA-PROVIDER/DESKTOP-GFT4G5U:eureka-provider:9090: registering service...
2019-03-07 21:28:34.795 [main] INFO  org.apache.coyote.http11.Http11NioProtocol - Starting ProtocolHandler ["http-nio-9090"]
2019-03-07 21:28:34.821 [DiscoveryClient-InstanceInfoReplicator-0] INFO  com.netflix.discovery.DiscoveryClient - DiscoveryClient_EUREKA-PROVIDER/DESKTOP-GFT4G5U:eureka-provider:9090 - registration status: 204
2019-03-07 21:28:34.822 [main] INFO  o.s.boot.web.embedded.tomcat.TomcatWebServer - Tomcat started on port(s): 9090 (http) with context path ''
2019-03-07 21:28:34.823 [main] INFO  o.s.c.n.e.s.EurekaAutoServiceRegistration - Updating port to 9090
2019-03-07 21:28:34.824 [main] INFO  c.i.z.eureka_provider.EurekaProviderApplication - Started EurekaProviderApplication in 7.551 seconds (JVM running for 8.264)
2019-03-07 21:33:34.628 [AsyncResolver-bootstrap-executor-0] INFO  c.n.d.shared.resolver.aws.ConfigClusterResolver - Resolving eureka endpoints via configuration
2019-03-07 21:38:34.631 [AsyncResolver-bootstrap-executor-0] INFO  c.n.d.shared.resolver.aws.ConfigClusterResolver - Resolving eureka endpoints via configuration
2019-03-07 21:43:34.632 [AsyncResolver-bootstrap-executor-0] INFO  c.n.d.shared.resolver.aws.ConfigClusterResolver - Resolving eureka endpoints via configuration
2019-03-07 21:48:34.635 [AsyncResolver-bootstrap-executor-0] INFO  c.n.d.shared.resolver.aws.ConfigClusterResolver - Resolving eureka endpoints via configuration
2019-03-07 21:53:34.638 [AsyncResolver-bootstrap-executor-0] INFO  c.n.d.shared.resolver.aws.ConfigClusterResolver - Resolving eureka endpoints via configuration
2019-03-07 21:58:34.641 [AsyncResolver-bootstrap-executor-0] INFO  c.n.d.shared.resolver.aws.ConfigClusterResolver - Resolving eureka endpoints via configuration
2019-03-07 22:03:34.642 [AsyncResolver-bootstrap-executor-0] INFO  c.n.d.shared.resolver.aws.ConfigClusterResolver - Resolving eureka endpoints via configuration
2019-03-07 22:08:34.644 [AsyncResolver-bootstrap-executor-0] INFO  c.n.d.shared.resolver.aws.ConfigClusterResolver - Resolving eureka endpoints via configuration
2019-03-07 22:13:34.647 [AsyncResolver-bootstrap-executor-0] INFO  c.n.d.shared.resolver.aws.ConfigClusterResolver - Resolving eureka endpoints via configuration
2019-03-07 22:18:34.650 [AsyncResolver-bootstrap-executor-0] INFO  c.n.d.shared.resolver.aws.ConfigClusterResolver - Resolving eureka endpoints via configuration
